# JRE version: OpenJDK Runtime Environment Microsoft-7208460 (11.0.18+10) (build 11.0.18+10-LTS)
# Java VM: OpenJDK 64-Bit Server VM Microsoft-7208460 (11.0.18+10-LTS, mixed mode, tiered, compressed oops, g1 gc, windows-amd64)
Heap:
 garbage-first heap   total 374784K, used 258441K [0x0000000080000000, 0x0000000100000000)
  region size 1024K, 16 young (16384K), 3 survivors (3072K)
 Metaspace       used 125452K, capacity 130753K, committed 130900K, reserved 630784K
  class space    used 15842K, capacity 17708K, committed 17792K, reserved 516096K
GC Heap History (20 events):
Event: 33.358 GC heap before
{Heap before GC invocations=63 (full 0):
 garbage-first heap   total 312320K, used 268601K [0x0000000080000000, 0x0000000100000000)
  region size 1024K, 43 young (44032K), 6 survivors (6144K)
 Metaspace       used 118710K, capacity 123377K, committed 123476K, reserved 624640K
  class space    used 15248K, capacity 16988K, committed 17024K, reserved 516096K
}
Event: 33.365 GC heap after
{Heap after GC invocations=64 (full 0):
 garbage-first heap   total 312320K, used 226974K [0x0000000080000000, 0x0000000100000000)
  region size 1024K, 4 young (4096K), 4 survivors (4096K)
 Metaspace       used 118710K, capacity 123377K, committed 123476K, reserved 624640K
  class space    used 15248K, capacity 16988K, committed 17024K, reserved 516096K
}
Event: 33.594 GC heap before
{Heap before GC invocations=65 (full 0):
 garbage-first heap   total 312320K, used 256670K [0x0000000080000000, 0x0000000100000000)
  region size 1024K, 35 young (35840K), 4 survivors (4096K)
 Metaspace       used 118727K, capacity 123380K, committed 123476K, reserved 624640K
  class space    used 15249K, capacity 16988K, committed 17024K, reserved 516096K
}
Event: 33.603 GC heap after
{Heap after GC invocations=66 (full 0):
 garbage-first heap   total 374784K, used 228294K [0x0000000080000000, 0x0000000100000000)
  region size 1024K, 2 young (2048K), 2 survivors (2048K)
 Metaspace       used 118727K, capacity 123380K, committed 123476K, reserved 624640K
  class space    used 15249K, capacity 16988K, committed 17024K, reserved 516096K
}
Event: 34.246 GC heap before
{Heap before GC invocations=66 (full 0):
 garbage-first heap   total 374784K, used 303046K [0x0000000080000000, 0x0000000100000000)
  region size 1024K, 72 young (73728K), 2 survivors (2048K)
 Metaspace       used 118894K, capacity 123591K, committed 123732K, reserved 624640K
  class space    used 15262K, capacity 16991K, committed 17024K, reserved 516096K
}
Event: 34.256 GC heap after
{Heap after GC invocations=67 (full 0):
 garbage-first heap   total 374784K, used 231282K [0x0000000080000000, 0x0000000100000000)
  region size 1024K, 5 young (5120K), 5 survivors (5120K)
 Metaspace       used 118894K, capacity 123591K, committed 123732K, reserved 624640K
  class space    used 15262K, capacity 16991K, committed 17024K, reserved 516096K
}
Event: 34.300 GC heap before
{Heap before GC invocations=68 (full 0):
 garbage-first heap   total 374784K, used 234354K [0x0000000080000000, 0x0000000100000000)
  region size 1024K, 9 young (9216K), 5 survivors (5120K)
 Metaspace       used 118945K, capacity 123619K, committed 123732K, reserved 624640K
  class space    used 15267K, capacity 16999K, committed 17024K, reserved 516096K
}
Event: 34.307 GC heap after
{Heap after GC invocations=69 (full 0):
 garbage-first heap   total 374784K, used 231768K [0x0000000080000000, 0x0000000100000000)
  region size 1024K, 6 young (6144K), 6 survivors (6144K)
 Metaspace       used 118945K, capacity 123619K, committed 123732K, reserved 624640K
  class space    used 15267K, capacity 16999K, committed 17024K, reserved 516096K
}
Event: 44.809 GC heap before
{Heap before GC invocations=70 (full 0):
 garbage-first heap   total 374784K, used 294232K [0x0000000080000000, 0x0000000100000000)
  region size 1024K, 64 young (65536K), 6 survivors (6144K)
 Metaspace       used 121973K, capacity 126826K, committed 127060K, reserved 626688K
  class space    used 15619K, capacity 17414K, committed 17536K, reserved 516096K
}
Event: 44.819 GC heap after
{Heap after GC invocations=71 (full 0):
 garbage-first heap   total 374784K, used 236062K [0x0000000080000000, 0x0000000100000000)
  region size 1024K, 8 young (8192K), 8 survivors (8192K)
 Metaspace       used 121973K, capacity 126826K, committed 127060K, reserved 626688K
  class space    used 15619K, capacity 17414K, committed 17536K, reserved 516096K
}
Event: 280.340 GC heap before
{Heap before GC invocations=71 (full 0):
 garbage-first heap   total 374784K, used 297502K [0x0000000080000000, 0x0000000100000000)
  region size 1024K, 69 young (70656K), 8 survivors (8192K)
 Metaspace       used 124447K, capacity 129314K, committed 129492K, reserved 628736K
  class space    used 15763K, capacity 17564K, committed 17664K, reserved 516096K
}
Event: 280.351 GC heap after
{Heap after GC invocations=72 (full 0):
 garbage-first heap   total 374784K, used 240691K [0x0000000080000000, 0x0000000100000000)
  region size 1024K, 9 young (9216K), 9 survivors (9216K)
 Metaspace       used 124447K, capacity 129314K, committed 129492K, reserved 628736K
  class space    used 15763K, capacity 17564K, committed 17664K, reserved 516096K
}
Event: 283.835 GC heap before
{Heap before GC invocations=72 (full 0):
 garbage-first heap   total 374784K, used 302131K [0x0000000080000000, 0x0000000100000000)
  region size 1024K, 70 young (71680K), 9 survivors (9216K)
 Metaspace       used 124995K, capacity 130064K, committed 130388K, reserved 630784K
  class space    used 15824K, capacity 17675K, committed 17792K, reserved 516096K
}
Event: 283.849 GC heap after
{Heap after GC invocations=73 (full 0):
 garbage-first heap   total 374784K, used 252335K [0x0000000080000000, 0x0000000100000000)
  region size 1024K, 9 young (9216K), 9 survivors (9216K)
 Metaspace       used 124995K, capacity 130064K, committed 130388K, reserved 630784K
  class space    used 15824K, capacity 17675K, committed 17792K, reserved 516096K
}
Event: 284.549 GC heap before
{Heap before GC invocations=73 (full 0):
 garbage-first heap   total 374784K, used 306607K [0x0000000080000000, 0x0000000100000000)
  region size 1024K, 63 young (64512K), 9 survivors (9216K)
 Metaspace       used 125335K, capacity 130556K, committed 130644K, reserved 630784K
  class space    used 15844K, capacity 17711K, committed 17792K, reserved 516096K
}
Event: 284.628 GC heap after
{Heap after GC invocations=74 (full 0):
 garbage-first heap   total 374784K, used 266240K [0x0000000080000000, 0x0000000100000000)
  region size 1024K, 8 young (8192K), 8 survivors (8192K)
 Metaspace       used 125335K, capacity 130556K, committed 130644K, reserved 630784K
  class space    used 15844K, capacity 17711K, committed 17792K, reserved 516096K
}
Event: 285.101 GC heap before
{Heap before GC invocations=75 (full 0):
 garbage-first heap   total 374784K, used 311296K [0x0000000080000000, 0x0000000100000000)
  region size 1024K, 52 young (53248K), 8 survivors (8192K)
 Metaspace       used 125402K, capacity 130618K, committed 130900K, reserved 630784K
  class space    used 15841K, capacity 17707K, committed 17792K, reserved 516096K
}
Event: 285.119 GC heap after
{Heap after GC invocations=76 (full 0):
 garbage-first heap   total 374784K, used 274547K [0x0000000080000000, 0x0000000100000000)
  region size 1024K, 7 young (7168K), 7 survivors (7168K)
 Metaspace       used 125402K, capacity 130618K, committed 130900K, reserved 630784K
  class space    used 15841K, capacity 17707K, committed 17792K, reserved 516096K
}
Event: 285.351 GC heap before
{Heap before GC invocations=76 (full 0):
 garbage-first heap   total 374784K, used 285811K [0x0000000080000000, 0x0000000100000000)
  region size 1024K, 18 young (18432K), 7 survivors (7168K)
 Metaspace       used 125426K, capacity 130746K, committed 130900K, reserved 630784K
  class space    used 15841K, capacity 17707K, committed 17792K, reserved 516096K
}
Event: 285.371 GC heap after
{Heap after GC invocations=77 (full 0):
 garbage-first heap   total 374784K, used 246153K [0x0000000080000000, 0x0000000100000000)
  region size 1024K, 3 young (3072K), 3 survivors (3072K)
 Metaspace       used 125426K, capacity 130746K, committed 130900K, reserved 630784K
  class space    used 15841K, capacity 17707K, committed 17792K, reserved 516096K
}

