# JRE version: OpenJDK Runtime Environment Microsoft-7208460 (11.0.18+10) (build 11.0.18+10-LTS)
# Java VM: OpenJDK 64-Bit Server VM Microsoft-7208460 (11.0.18+10-LTS, mixed mode, tiered, compressed oops, g1 gc, windows-amd64)
Heap:
 garbage-first heap   total 858112K, used 234869K [0x0000000080000000, 0x0000000100000000)
  region size 1024K, 8 young (8192K), 8 survivors (8192K)
 Metaspace       used 184490K, capacity 192154K, committed 192464K, reserved 684032K
  class space    used 22537K, capacity 25381K, committed 25472K, reserved 516096K
GC Heap History (20 events):
Event: 14872.054 GC heap after
{Heap after GC invocations=276 (full 0):
 garbage-first heap   total 428032K, used 252213K [0x0000000080000000, 0x0000000100000000)
  region size 1024K, 3 young (3072K), 3 survivors (3072K)
 Metaspace       used 180216K, capacity 187550K, committed 187728K, reserved 679936K
  class space    used 21989K, capacity 24716K, committed 24832K, reserved 516096K
}
Event: 14872.316 GC heap before
{Heap before GC invocations=276 (full 0):
 garbage-first heap   total 428032K, used 268597K [0x0000000080000000, 0x0000000100000000)
  region size 1024K, 20 young (20480K), 3 survivors (3072K)
 Metaspace       used 180216K, capacity 187550K, committed 187728K, reserved 679936K
  class space    used 21989K, capacity 24716K, committed 24832K, reserved 516096K
}
Event: 14872.324 GC heap after
{Heap after GC invocations=277 (full 0):
 garbage-first heap   total 428032K, used 255109K [0x0000000080000000, 0x0000000100000000)
  region size 1024K, 2 young (2048K), 2 survivors (2048K)
 Metaspace       used 180216K, capacity 187550K, committed 187728K, reserved 679936K
  class space    used 21989K, capacity 24716K, committed 24832K, reserved 516096K
}
Event: 14893.222 GC heap before
{Heap before GC invocations=278 (full 0):
 garbage-first heap   total 428032K, used 310405K [0x0000000080000000, 0x0000000100000000)
  region size 1024K, 66 young (67584K), 2 survivors (2048K)
 Metaspace       used 180273K, capacity 187654K, committed 187984K, reserved 679936K
  class space    used 21993K, capacity 24724K, committed 24832K, reserved 516096K
}
Event: 14893.232 GC heap after
{Heap after GC invocations=279 (full 0):
 garbage-first heap   total 428032K, used 251852K [0x0000000080000000, 0x0000000100000000)
  region size 1024K, 8 young (8192K), 8 survivors (8192K)
 Metaspace       used 180273K, capacity 187654K, committed 187984K, reserved 679936K
  class space    used 21993K, capacity 24724K, committed 24832K, reserved 516096K
}
Event: 14896.559 GC heap before
{Heap before GC invocations=279 (full 0):
 garbage-first heap   total 428032K, used 264140K [0x0000000080000000, 0x0000000100000000)
  region size 1024K, 20 young (20480K), 8 survivors (8192K)
 Metaspace       used 180308K, capacity 187664K, committed 187984K, reserved 679936K
  class space    used 21994K, capacity 24725K, committed 24832K, reserved 516096K
}
Event: 14896.569 GC heap after
{Heap after GC invocations=280 (full 0):
 garbage-first heap   total 428032K, used 239087K [0x0000000080000000, 0x0000000100000000)
  region size 1024K, 3 young (3072K), 3 survivors (3072K)
 Metaspace       used 180308K, capacity 187664K, committed 187984K, reserved 679936K
  class space    used 21994K, capacity 24725K, committed 24832K, reserved 516096K
}
Event: 14896.725 GC heap before
{Heap before GC invocations=280 (full 0):
 garbage-first heap   total 428032K, used 256495K [0x0000000080000000, 0x0000000100000000)
  region size 1024K, 20 young (20480K), 3 survivors (3072K)
 Metaspace       used 180319K, capacity 187664K, committed 187984K, reserved 679936K
  class space    used 21994K, capacity 24725K, committed 24832K, reserved 516096K
}
Event: 14896.743 GC heap after
{Heap after GC invocations=281 (full 0):
 garbage-first heap   total 428032K, used 232067K [0x0000000080000000, 0x0000000100000000)
  region size 1024K, 3 young (3072K), 3 survivors (3072K)
 Metaspace       used 180319K, capacity 187664K, committed 187984K, reserved 679936K
  class space    used 21994K, capacity 24725K, committed 24832K, reserved 516096K
}
Event: 14896.817 GC heap before
{Heap before GC invocations=281 (full 0):
 garbage-first heap   total 428032K, used 248451K [0x0000000080000000, 0x0000000100000000)
  region size 1024K, 20 young (20480K), 3 survivors (3072K)
 Metaspace       used 180327K, capacity 187664K, committed 187984K, reserved 679936K
  class space    used 21994K, capacity 24725K, committed 24832K, reserved 516096K
}
Event: 14896.837 GC heap after
{Heap after GC invocations=282 (full 0):
 garbage-first heap   total 428032K, used 229233K [0x0000000080000000, 0x0000000100000000)
  region size 1024K, 3 young (3072K), 3 survivors (3072K)
 Metaspace       used 180327K, capacity 187664K, committed 187984K, reserved 679936K
  class space    used 21994K, capacity 24725K, committed 24832K, reserved 516096K
}
Event: 14897.075 GC heap before
{Heap before GC invocations=282 (full 0):
 garbage-first heap   total 428032K, used 257905K [0x0000000080000000, 0x0000000100000000)
  region size 1024K, 31 young (31744K), 3 survivors (3072K)
 Metaspace       used 180655K, capacity 188141K, committed 188368K, reserved 679936K
  class space    used 22052K, capacity 24840K, committed 24960K, reserved 516096K
}
Event: 14897.085 GC heap after
{Heap after GC invocations=283 (full 0):
 garbage-first heap   total 428032K, used 234374K [0x0000000080000000, 0x0000000100000000)
  region size 1024K, 4 young (4096K), 4 survivors (4096K)
 Metaspace       used 180655K, capacity 188141K, committed 188368K, reserved 679936K
  class space    used 22052K, capacity 24840K, committed 24960K, reserved 516096K
}
Event: 14897.609 GC heap before
{Heap before GC invocations=284 (full 0):
 garbage-first heap   total 428032K, used 279430K [0x0000000080000000, 0x0000000100000000)
  region size 1024K, 49 young (50176K), 4 survivors (4096K)
 Metaspace       used 182378K, capacity 189883K, committed 190032K, reserved 681984K
  class space    used 22266K, capacity 25076K, committed 25088K, reserved 516096K
}
Event: 14897.618 GC heap after
{Heap after GC invocations=285 (full 0):
 garbage-first heap   total 428032K, used 238041K [0x0000000080000000, 0x0000000100000000)
  region size 1024K, 5 young (5120K), 5 survivors (5120K)
 Metaspace       used 182378K, capacity 189883K, committed 190032K, reserved 681984K
  class space    used 22266K, capacity 25076K, committed 25088K, reserved 516096K
}
Event: 14897.795 GC heap before
{Heap before GC invocations=285 (full 0):
 garbage-first heap   total 428032K, used 253401K [0x0000000080000000, 0x0000000100000000)
  region size 1024K, 20 young (20480K), 5 survivors (5120K)
 Metaspace       used 183427K, capacity 190969K, committed 191312K, reserved 684032K
  class space    used 22403K, capacity 25245K, committed 25344K, reserved 516096K
}
Event: 14897.809 GC heap after
{Heap after GC invocations=286 (full 0):
 garbage-first heap   total 428032K, used 227320K [0x0000000080000000, 0x0000000100000000)
  region size 1024K, 1 young (1024K), 1 survivors (1024K)
 Metaspace       used 183427K, capacity 190969K, committed 191312K, reserved 684032K
  class space    used 22403K, capacity 25245K, committed 25344K, reserved 516096K
}
Event: 14897.961 GC heap before
{Heap before GC invocations=286 (full 0):
 garbage-first heap   total 428032K, used 245752K [0x0000000080000000, 0x0000000100000000)
  region size 1024K, 20 young (20480K), 1 survivors (1024K)
 Metaspace       used 184174K, capacity 191783K, committed 191952K, reserved 684032K
  class space    used 22499K, capacity 25347K, committed 25472K, reserved 516096K
}
Event: 14897.980 GC heap after
{Heap after GC invocations=287 (full 0):
 garbage-first heap   total 428032K, used 222981K [0x0000000080000000, 0x0000000100000000)
  region size 1024K, 3 young (3072K), 3 survivors (3072K)
 Metaspace       used 184174K, capacity 191783K, committed 191952K, reserved 684032K
  class space    used 22499K, capacity 25347K, committed 25472K, reserved 516096K
}
Event: 14898.449 GC heap before
{Heap before GC invocations=287 (full 0):
 garbage-first heap   total 428032K, used 283397K [0x0000000080000000, 0x0000000100000000)
  region size 1024K, 62 young (63488K), 3 survivors (3072K)
 Metaspace       used 184490K, capacity 192154K, committed 192464K, reserved 684032K
  class space    used 22537K, capacity 25381K, committed 25472K, reserved 516096K
}

